<?xml version="1.0" encoding="UTF-8"?>
<testsuite name="org.mitumc.sdk.LibraryTest" tests="1" skipped="0" failures="0" errors="0" timestamp="2021-08-24T08:47:19" hostname="ubuntu" time="0.021">
  <properties/>
  <testcase name="someLibraryMethodReturnsTrue()" classname="org.mitumc.sdk.LibraryTest" time="0.021"/>
  <system-out><![CDATA[]]></system-out>
  <system-err><![CDATA[]]></system-err>
</testsuite>
