<?xml version="1.0" encoding="UTF-8"?>
<testsuite name="org.mitumc.sdk.LibraryTest" tests="1" skipped="0" failures="0" errors="0" timestamp="2021-09-02T01:42:11" hostname="ubuntu" time="0.036">
  <properties/>
  <testcase name="someLibraryMethodReturnsTrue()" classname="org.mitumc.sdk.LibraryTest" time="0.036"/>
  <system-out><![CDATA[]]></system-out>
  <system-err><![CDATA[]]></system-err>
</testsuite>
